# JRE version: OpenJDK Runtime Environment (17.0.6) (build 17.0.6+0-b2043.56-10027231)
# Java VM: OpenJDK 64-Bit Server VM (17.0.6+0-b2043.56-10027231, mixed mode, tiered, compressed oops, compressed class ptrs, g1 gc, windows-amd64)
GC Precious Log:
 CPUs: 8 total, 8 available
 Memory: 8074M
 Large Page Support: Disabled
 NUMA Support: Disabled
 Compressed Oops: Enabled (32-bit)
 Heap Region Size: 1M
 Heap Min Capacity: 8M
 Heap Initial Capacity: 128M
 Heap Max Capacity: 2G
 Pre-touch: Disabled
 Parallel Workers: 8
 Concurrent Workers: 2
 Concurrent Refinement Workers: 8
 Periodic GC: Disabled
Heap:
 garbage-first heap   total 126976K, used 79975K [0x0000000080000000, 0x0000000100000000)
  region size 1024K, 14 young (14336K), 4 survivors (4096K)
 Metaspace       used 52977K, committed 53376K, reserved 1097728K
  class space    used 7068K, committed 7232K, reserved 1048576K
GC Heap History (20 events):
Event: 12.443 GC heap before
{Heap before GC invocations=11 (full 0):
 garbage-first heap   total 89088K, used 65644K [0x0000000080000000, 0x0000000100000000)
  region size 1024K, 17 young (17408K), 1 survivors (1024K)
 Metaspace       used 37091K, committed 37440K, reserved 1081344K
  class space    used 5193K, committed 5312K, reserved 1048576K
}
Event: 12.445 GC heap after
{Heap after GC invocations=12 (full 0):
 garbage-first heap   total 107520K, used 51146K [0x0000000080000000, 0x0000000100000000)
  region size 1024K, 2 young (2048K), 2 survivors (2048K)
 Metaspace       used 37091K, committed 37440K, reserved 1081344K
  class space    used 5193K, committed 5312K, reserved 1048576K
}
Event: 12.879 GC heap before
{Heap before GC invocations=12 (full 0):
 garbage-first heap   total 107520K, used 81866K [0x0000000080000000, 0x0000000100000000)
  region size 1024K, 33 young (33792K), 2 survivors (2048K)
 Metaspace       used 42433K, committed 42880K, reserved 1089536K
  class space    used 5702K, committed 5888K, reserved 1048576K
}
Event: 12.883 GC heap after
{Heap after GC invocations=13 (full 0):
 garbage-first heap   total 107520K, used 55130K [0x0000000080000000, 0x0000000100000000)
  region size 1024K, 5 young (5120K), 5 survivors (5120K)
 Metaspace       used 42433K, committed 42880K, reserved 1089536K
  class space    used 5702K, committed 5888K, reserved 1048576K
}
Event: 12.983 GC heap before
{Heap before GC invocations=14 (full 0):
 garbage-first heap   total 107520K, used 67418K [0x0000000080000000, 0x0000000100000000)
  region size 1024K, 18 young (18432K), 5 survivors (5120K)
 Metaspace       used 42886K, committed 43264K, reserved 1089536K
  class space    used 5748K, committed 5888K, reserved 1048576K
}
Event: 12.988 GC heap after
{Heap after GC invocations=15 (full 0):
 garbage-first heap   total 107520K, used 57680K [0x0000000080000000, 0x0000000100000000)
  region size 1024K, 3 young (3072K), 3 survivors (3072K)
 Metaspace       used 42886K, committed 43264K, reserved 1089536K
  class space    used 5748K, committed 5888K, reserved 1048576K
}
Event: 13.376 GC heap before
{Heap before GC invocations=16 (full 0):
 garbage-first heap   total 109568K, used 88400K [0x0000000080000000, 0x0000000100000000)
  region size 1024K, 29 young (29696K), 3 survivors (3072K)
 Metaspace       used 46923K, committed 47360K, reserved 1089536K
  class space    used 6303K, committed 6528K, reserved 1048576K
}
Event: 13.379 GC heap after
{Heap after GC invocations=17 (full 0):
 garbage-first heap   total 109568K, used 59278K [0x0000000080000000, 0x0000000100000000)
  region size 1024K, 3 young (3072K), 3 survivors (3072K)
 Metaspace       used 46923K, committed 47360K, reserved 1089536K
  class space    used 6303K, committed 6528K, reserved 1048576K
}
Event: 13.767 GC heap before
{Heap before GC invocations=17 (full 0):
 garbage-first heap   total 109568K, used 85902K [0x0000000080000000, 0x0000000100000000)
  region size 1024K, 30 young (30720K), 3 survivors (3072K)
 Metaspace       used 49784K, committed 50304K, reserved 1097728K
  class space    used 6626K, committed 6848K, reserved 1048576K
}
Event: 13.771 GC heap after
{Heap after GC invocations=18 (full 0):
 garbage-first heap   total 109568K, used 60834K [0x0000000080000000, 0x0000000100000000)
  region size 1024K, 4 young (4096K), 4 survivors (4096K)
 Metaspace       used 49784K, committed 50304K, reserved 1097728K
  class space    used 6626K, committed 6848K, reserved 1048576K
}
Event: 14.151 GC heap before
{Heap before GC invocations=19 (full 0):
 garbage-first heap   total 109568K, used 84386K [0x0000000080000000, 0x0000000100000000)
  region size 1024K, 28 young (28672K), 4 survivors (4096K)
 Metaspace       used 52363K, committed 52864K, reserved 1097728K
  class space    used 7029K, committed 7232K, reserved 1048576K
}
Event: 14.154 GC heap after
{Heap after GC invocations=20 (full 0):
 garbage-first heap   total 109568K, used 62147K [0x0000000080000000, 0x0000000100000000)
  region size 1024K, 4 young (4096K), 4 survivors (4096K)
 Metaspace       used 52363K, committed 52864K, reserved 1097728K
  class space    used 7029K, committed 7232K, reserved 1048576K
}
Event: 14.318 GC heap before
{Heap before GC invocations=21 (full 0):
 garbage-first heap   total 117760K, used 90819K [0x0000000080000000, 0x0000000100000000)
  region size 1024K, 30 young (30720K), 4 survivors (4096K)
 Metaspace       used 52709K, committed 53120K, reserved 1097728K
  class space    used 7052K, committed 7232K, reserved 1048576K
}
Event: 14.321 GC heap after
{Heap after GC invocations=22 (full 0):
 garbage-first heap   total 117760K, used 65771K [0x0000000080000000, 0x0000000100000000)
  region size 1024K, 2 young (2048K), 2 survivors (2048K)
 Metaspace       used 52709K, committed 53120K, reserved 1097728K
  class space    used 7052K, committed 7232K, reserved 1048576K
}
Event: 14.333 GC heap before
{Heap before GC invocations=22 (full 0):
 garbage-first heap   total 117760K, used 68843K [0x0000000080000000, 0x0000000100000000)
  region size 1024K, 5 young (5120K), 2 survivors (2048K)
 Metaspace       used 52724K, committed 53120K, reserved 1097728K
  class space    used 7052K, committed 7232K, reserved 1048576K
}
Event: 14.335 GC heap after
{Heap after GC invocations=23 (full 0):
 garbage-first heap   total 117760K, used 65778K [0x0000000080000000, 0x0000000100000000)
  region size 1024K, 1 young (1024K), 1 survivors (1024K)
 Metaspace       used 52724K, committed 53120K, reserved 1097728K
  class space    used 7052K, committed 7232K, reserved 1048576K
}
Event: 14.513 GC heap before
{Heap before GC invocations=23 (full 0):
 garbage-first heap   total 117760K, used 96498K [0x0000000080000000, 0x0000000100000000)
  region size 1024K, 31 young (31744K), 1 survivors (1024K)
 Metaspace       used 52966K, committed 53376K, reserved 1097728K
  class space    used 7071K, committed 7232K, reserved 1048576K
}
Event: 14.514 GC heap after
{Heap after GC invocations=24 (full 0):
 garbage-first heap   total 117760K, used 65629K [0x0000000080000000, 0x0000000100000000)
  region size 1024K, 1 young (1024K), 1 survivors (1024K)
 Metaspace       used 52966K, committed 53376K, reserved 1097728K
  class space    used 7071K, committed 7232K, reserved 1048576K
}
Event: 14.609 GC heap before
{Heap before GC invocations=25 (full 0):
 garbage-first heap   total 119808K, used 79965K [0x0000000080000000, 0x0000000100000000)
  region size 1024K, 16 young (16384K), 1 survivors (1024K)
 Metaspace       used 52968K, committed 53376K, reserved 1097728K
  class space    used 7068K, committed 7232K, reserved 1048576K
}
Event: 14.612 GC heap after
{Heap after GC invocations=26 (full 0):
 garbage-first heap   total 119808K, used 69735K [0x0000000080000000, 0x0000000100000000)
  region size 1024K, 4 young (4096K), 4 survivors (4096K)
 Metaspace       used 52968K, committed 53376K, reserved 1097728K
  class space    used 7068K, committed 7232K, reserved 1048576K
}

