# JRE version: OpenJDK Runtime Environment (17.0.6) (build 17.0.6+0-b2043.56-10027231)
# Java VM: OpenJDK 64-Bit Server VM (17.0.6+0-b2043.56-10027231, mixed mode, tiered, compressed oops, compressed class ptrs, g1 gc, windows-amd64)
GC Precious Log:
 CPUs: 8 total, 8 available
 Memory: 8074M
 Large Page Support: Disabled
 NUMA Support: Disabled
 Compressed Oops: Enabled (32-bit)
 Heap Region Size: 1M
 Heap Min Capacity: 8M
 Heap Initial Capacity: 128M
 Heap Max Capacity: 2G
 Pre-touch: Disabled
 Parallel Workers: 8
 Concurrent Workers: 2
 Concurrent Refinement Workers: 8
 Periodic GC: Disabled
Heap:
 garbage-first heap   total 464896K, used 231191K [0x0000000080000000, 0x0000000100000000)
  region size 1024K, 4 young (4096K), 4 survivors (4096K)
 Metaspace       used 143909K, committed 145024K, reserved 1179648K
  class space    used 18658K, committed 19200K, reserved 1048576K
GC Heap History (20 events):
Event: 601.394 GC heap after
{Heap after GC invocations=116 (full 0):
 garbage-first heap   total 394240K, used 162476K [0x0000000080000000, 0x0000000100000000)
  region size 1024K, 1 young (1024K), 1 survivors (1024K)
 Metaspace       used 119007K, committed 119936K, reserved 1155072K
  class space    used 15730K, committed 16128K, reserved 1048576K
}
Event: 610.598 GC heap before
{Heap before GC invocations=116 (full 0):
 garbage-first heap   total 394240K, used 331436K [0x0000000080000000, 0x0000000100000000)
  region size 1024K, 167 young (171008K), 1 survivors (1024K)
 Metaspace       used 121565K, committed 122496K, reserved 1155072K
  class space    used 16002K, committed 16448K, reserved 1048576K
}
Event: 610.608 GC heap after
{Heap after GC invocations=117 (full 0):
 garbage-first heap   total 394240K, used 170224K [0x0000000080000000, 0x0000000100000000)
  region size 1024K, 9 young (9216K), 9 survivors (9216K)
 Metaspace       used 121565K, committed 122496K, reserved 1155072K
  class space    used 16002K, committed 16448K, reserved 1048576K
}
Event: 696.432 GC heap before
{Heap before GC invocations=118 (full 0):
 garbage-first heap   total 394240K, used 329968K [0x0000000080000000, 0x0000000100000000)
  region size 1024K, 166 young (169984K), 9 survivors (9216K)
 Metaspace       used 129934K, committed 130944K, reserved 1163264K
  class space    used 17110K, committed 17600K, reserved 1048576K
}
Event: 696.444 GC heap after
{Heap after GC invocations=119 (full 0):
 garbage-first heap   total 394240K, used 176967K [0x0000000080000000, 0x0000000100000000)
  region size 1024K, 16 young (16384K), 16 survivors (16384K)
 Metaspace       used 129934K, committed 130944K, reserved 1163264K
  class space    used 17110K, committed 17600K, reserved 1048576K
}
Event: 696.607 GC heap before
{Heap before GC invocations=119 (full 0):
 garbage-first heap   total 394240K, used 180039K [0x0000000080000000, 0x0000000100000000)
  region size 1024K, 19 young (19456K), 16 survivors (16384K)
 Metaspace       used 130058K, committed 131072K, reserved 1163264K
  class space    used 17126K, committed 17600K, reserved 1048576K
}
Event: 696.619 GC heap after
{Heap after GC invocations=120 (full 0):
 garbage-first heap   total 394240K, used 177235K [0x0000000080000000, 0x0000000100000000)
  region size 1024K, 2 young (2048K), 2 survivors (2048K)
 Metaspace       used 130058K, committed 131072K, reserved 1163264K
  class space    used 17126K, committed 17600K, reserved 1048576K
}
Event: 699.123 GC heap before
{Heap before GC invocations=120 (full 0):
 garbage-first heap   total 394240K, used 327763K [0x0000000080000000, 0x0000000100000000)
  region size 1024K, 150 young (153600K), 2 survivors (2048K)
 Metaspace       used 133840K, committed 134976K, reserved 1171456K
  class space    used 17610K, committed 18176K, reserved 1048576K
}
Event: 699.137 GC heap after
{Heap after GC invocations=121 (full 0):
 garbage-first heap   total 394240K, used 193787K [0x0000000080000000, 0x0000000100000000)
  region size 1024K, 19 young (19456K), 19 survivors (19456K)
 Metaspace       used 133840K, committed 134976K, reserved 1171456K
  class space    used 17610K, committed 18176K, reserved 1048576K
}
Event: 701.150 GC heap before
{Heap before GC invocations=122 (full 0):
 garbage-first heap   total 394240K, used 340219K [0x0000000080000000, 0x0000000100000000)
  region size 1024K, 146 young (149504K), 19 survivors (19456K)
 Metaspace       used 139487K, committed 140608K, reserved 1171456K
  class space    used 18296K, committed 18816K, reserved 1048576K
}
Event: 701.176 GC heap after
{Heap after GC invocations=123 (full 0):
 garbage-first heap   total 394240K, used 222483K [0x0000000080000000, 0x0000000100000000)
  region size 1024K, 19 young (19456K), 19 survivors (19456K)
 Metaspace       used 139487K, committed 140608K, reserved 1171456K
  class space    used 18296K, committed 18816K, reserved 1048576K
}
Event: 701.179 GC heap before
{Heap before GC invocations=123 (full 0):
 garbage-first heap   total 394240K, used 223507K [0x0000000080000000, 0x0000000100000000)
  region size 1024K, 20 young (20480K), 19 survivors (19456K)
 Metaspace       used 139487K, committed 140608K, reserved 1171456K
  class space    used 18296K, committed 18816K, reserved 1048576K
}
Event: 701.193 GC heap after
{Heap after GC invocations=124 (full 0):
 garbage-first heap   total 394240K, used 219501K [0x0000000080000000, 0x0000000100000000)
  region size 1024K, 1 young (1024K), 1 survivors (1024K)
 Metaspace       used 139487K, committed 140608K, reserved 1171456K
  class space    used 18296K, committed 18816K, reserved 1048576K
}
Event: 701.320 GC heap before
{Heap before GC invocations=124 (full 0):
 garbage-first heap   total 394240K, used 227693K [0x0000000080000000, 0x0000000100000000)
  region size 1024K, 10 young (10240K), 1 survivors (1024K)
 Metaspace       used 139560K, committed 140608K, reserved 1171456K
  class space    used 18304K, committed 18816K, reserved 1048576K
}
Event: 701.327 GC heap after
{Heap after GC invocations=125 (full 0):
 garbage-first heap   total 394240K, used 224285K [0x0000000080000000, 0x0000000100000000)
  region size 1024K, 6 young (6144K), 6 survivors (6144K)
 Metaspace       used 139560K, committed 140608K, reserved 1171456K
  class space    used 18304K, committed 18816K, reserved 1048576K
}
Event: 702.078 GC heap before
{Heap before GC invocations=126 (full 0):
 garbage-first heap   total 464896K, used 336925K [0x0000000080000000, 0x0000000100000000)
  region size 1024K, 98 young (100352K), 6 survivors (6144K)
 Metaspace       used 142868K, committed 144000K, reserved 1179648K
  class space    used 18576K, committed 19136K, reserved 1048576K
}
Event: 702.095 GC heap after
{Heap after GC invocations=127 (full 0):
 garbage-first heap   total 464896K, used 231601K [0x0000000080000000, 0x0000000100000000)
  region size 1024K, 11 young (11264K), 11 survivors (11264K)
 Metaspace       used 142868K, committed 144000K, reserved 1179648K
  class space    used 18576K, committed 19136K, reserved 1048576K
}
Event: 702.134 GC heap before
{Heap before GC invocations=127 (full 0):
 garbage-first heap   total 464896K, used 241841K [0x0000000080000000, 0x0000000100000000)
  region size 1024K, 22 young (22528K), 11 survivors (11264K)
 Metaspace       used 142899K, committed 144064K, reserved 1179648K
  class space    used 18579K, committed 19136K, reserved 1048576K
}
Event: 702.142 GC heap after
{Heap after GC invocations=128 (full 0):
 garbage-first heap   total 464896K, used 229600K [0x0000000080000000, 0x0000000100000000)
  region size 1024K, 2 young (2048K), 2 survivors (2048K)
 Metaspace       used 142899K, committed 144064K, reserved 1179648K
  class space    used 18579K, committed 19136K, reserved 1048576K
}
Event: 702.532 GC heap before
{Heap before GC invocations=128 (full 0):
 garbage-first heap   total 464896K, used 375008K [0x0000000080000000, 0x0000000100000000)
  region size 1024K, 144 young (147456K), 2 survivors (2048K)
 Metaspace       used 143909K, committed 145024K, reserved 1179648K
  class space    used 18658K, committed 19200K, reserved 1048576K
}

