# JRE version: OpenJDK Runtime Environment (17.0.6) (build 17.0.6+0-b2043.56-10027231)
# Java VM: OpenJDK 64-Bit Server VM (17.0.6+0-b2043.56-10027231, mixed mode, tiered, compressed oops, compressed class ptrs, g1 gc, windows-amd64)
GC Precious Log:
 CPUs: 8 total, 8 available
 Memory: 8074M
 Large Page Support: Disabled
 NUMA Support: Disabled
 Compressed Oops: Enabled (32-bit)
 Heap Region Size: 1M
 Heap Min Capacity: 8M
 Heap Initial Capacity: 128M
 Heap Max Capacity: 2G
 Pre-touch: Disabled
 Parallel Workers: 8
 Concurrent Workers: 2
 Concurrent Refinement Workers: 8
 Periodic GC: Disabled
Heap:
 garbage-first heap   total 364544K, used 113709K [0x0000000080000000, 0x0000000100000000)
  region size 1024K, 20 young (20480K), 4 survivors (4096K)
 Metaspace       used 90619K, committed 91264K, reserved 1130496K
  class space    used 12403K, committed 12736K, reserved 1048576K
GC Heap History (20 events):
Event: 9.312 GC heap before
{Heap before GC invocations=39 (full 0):
 garbage-first heap   total 119808K, used 97363K [0x0000000080000000, 0x0000000100000000)
  region size 1024K, 35 young (35840K), 5 survivors (5120K)
 Metaspace       used 79229K, committed 79808K, reserved 1122304K
  class space    used 10744K, committed 11008K, reserved 1048576K
}
Event: 9.318 GC heap after
{Heap after GC invocations=40 (full 0):
 garbage-first heap   total 144384K, used 68949K [0x0000000080000000, 0x0000000100000000)
  region size 1024K, 5 young (5120K), 5 survivors (5120K)
 Metaspace       used 79229K, committed 79808K, reserved 1122304K
  class space    used 10744K, committed 11008K, reserved 1048576K
}
Event: 10.019 GC heap before
{Heap before GC invocations=41 (full 0):
 garbage-first heap   total 144384K, used 114005K [0x0000000080000000, 0x0000000100000000)
  region size 1024K, 49 young (50176K), 5 survivors (5120K)
 Metaspace       used 84540K, committed 85120K, reserved 1130496K
  class space    used 11514K, committed 11776K, reserved 1048576K
}
Event: 10.025 GC heap after
{Heap after GC invocations=42 (full 0):
 garbage-first heap   total 144384K, used 72263K [0x0000000080000000, 0x0000000100000000)
  region size 1024K, 6 young (6144K), 6 survivors (6144K)
 Metaspace       used 84540K, committed 85120K, reserved 1130496K
  class space    used 11514K, committed 11776K, reserved 1048576K
}
Event: 10.417 GC heap before
{Heap before GC invocations=42 (full 0):
 garbage-first heap   total 144384K, used 116295K [0x0000000080000000, 0x0000000100000000)
  region size 1024K, 49 young (50176K), 6 survivors (6144K)
 Metaspace       used 85998K, committed 86656K, reserved 1130496K
  class space    used 11699K, committed 11968K, reserved 1048576K
}
Event: 10.425 GC heap after
{Heap after GC invocations=43 (full 0):
 garbage-first heap   total 144384K, used 78061K [0x0000000080000000, 0x0000000100000000)
  region size 1024K, 7 young (7168K), 7 survivors (7168K)
 Metaspace       used 85998K, committed 86656K, reserved 1130496K
  class space    used 11699K, committed 11968K, reserved 1048576K
}
Event: 10.736 GC heap before
{Heap before GC invocations=44 (full 0):
 garbage-first heap   total 147456K, used 115949K [0x0000000080000000, 0x0000000100000000)
  region size 1024K, 44 young (45056K), 7 survivors (7168K)
 Metaspace       used 86367K, committed 86912K, reserved 1130496K
  class space    used 11772K, committed 12032K, reserved 1048576K
}
Event: 10.748 GC heap after
{Heap after GC invocations=45 (full 0):
 garbage-first heap   total 147456K, used 84398K [0x0000000080000000, 0x0000000100000000)
  region size 1024K, 6 young (6144K), 6 survivors (6144K)
 Metaspace       used 86367K, committed 86912K, reserved 1130496K
  class space    used 11772K, committed 12032K, reserved 1048576K
}
Event: 11.260 GC heap before
{Heap before GC invocations=45 (full 0):
 garbage-first heap   total 147456K, used 117166K [0x0000000080000000, 0x0000000100000000)
  region size 1024K, 39 young (39936K), 6 survivors (6144K)
 Metaspace       used 88426K, committed 88960K, reserved 1130496K
  class space    used 12180K, committed 12416K, reserved 1048576K
}
Event: 11.267 GC heap after
{Heap after GC invocations=46 (full 0):
 garbage-first heap   total 147456K, used 88506K [0x0000000080000000, 0x0000000100000000)
  region size 1024K, 4 young (4096K), 4 survivors (4096K)
 Metaspace       used 88426K, committed 88960K, reserved 1130496K
  class space    used 12180K, committed 12416K, reserved 1048576K
}
Event: 11.539 GC heap before
{Heap before GC invocations=47 (full 0):
 garbage-first heap   total 165888K, used 119226K [0x0000000080000000, 0x0000000100000000)
  region size 1024K, 35 young (35840K), 4 survivors (4096K)
 Metaspace       used 88657K, committed 89216K, reserved 1130496K
  class space    used 12181K, committed 12416K, reserved 1048576K
}
Event: 11.543 GC heap after
{Heap after GC invocations=48 (full 0):
 garbage-first heap   total 165888K, used 91013K [0x0000000080000000, 0x0000000100000000)
  region size 1024K, 3 young (3072K), 3 survivors (3072K)
 Metaspace       used 88657K, committed 89216K, reserved 1130496K
  class space    used 12181K, committed 12416K, reserved 1048576K
}
Event: 11.879 GC heap before
{Heap before GC invocations=48 (full 0):
 garbage-first heap   total 165888K, used 132997K [0x0000000080000000, 0x0000000100000000)
  region size 1024K, 45 young (46080K), 3 survivors (3072K)
 Metaspace       used 89098K, committed 89792K, reserved 1130496K
  class space    used 12227K, committed 12544K, reserved 1048576K
}
Event: 11.884 GC heap after
{Heap after GC invocations=49 (full 0):
 garbage-first heap   total 165888K, used 93501K [0x0000000080000000, 0x0000000100000000)
  region size 1024K, 5 young (5120K), 5 survivors (5120K)
 Metaspace       used 89098K, committed 89792K, reserved 1130496K
  class space    used 12227K, committed 12544K, reserved 1048576K
}
Event: 12.337 GC heap before
{Heap before GC invocations=50 (full 0):
 garbage-first heap   total 173056K, used 134461K [0x0000000080000000, 0x0000000100000000)
  region size 1024K, 46 young (47104K), 5 survivors (5120K)
 Metaspace       used 89385K, committed 90048K, reserved 1130496K
  class space    used 12229K, committed 12544K, reserved 1048576K
}
Event: 12.344 GC heap after
{Heap after GC invocations=51 (full 0):
 garbage-first heap   total 173056K, used 96064K [0x0000000080000000, 0x0000000100000000)
  region size 1024K, 6 young (6144K), 6 survivors (6144K)
 Metaspace       used 89385K, committed 90048K, reserved 1130496K
  class space    used 12229K, committed 12544K, reserved 1048576K
}
Event: 12.350 GC heap before
{Heap before GC invocations=51 (full 0):
 garbage-first heap   total 173056K, used 97088K [0x0000000080000000, 0x0000000100000000)
  region size 1024K, 8 young (8192K), 6 survivors (6144K)
 Metaspace       used 89385K, committed 90048K, reserved 1130496K
  class space    used 12229K, committed 12544K, reserved 1048576K
}
Event: 12.355 GC heap after
{Heap after GC invocations=52 (full 0):
 garbage-first heap   total 173056K, used 96079K [0x0000000080000000, 0x0000000100000000)
  region size 1024K, 1 young (1024K), 1 survivors (1024K)
 Metaspace       used 89385K, committed 90048K, reserved 1130496K
  class space    used 12229K, committed 12544K, reserved 1048576K
}
Event: 13.477 GC heap before
{Heap before GC invocations=52 (full 0):
 garbage-first heap   total 173056K, used 142159K [0x0000000080000000, 0x0000000100000000)
  region size 1024K, 47 young (48128K), 1 survivors (1024K)
 Metaspace       used 89913K, committed 90624K, reserved 1130496K
  class space    used 12307K, committed 12672K, reserved 1048576K
}
Event: 13.482 GC heap after
{Heap after GC invocations=53 (full 0):
 garbage-first heap   total 364544K, used 98349K [0x0000000080000000, 0x0000000100000000)
  region size 1024K, 4 young (4096K), 4 survivors (4096K)
 Metaspace       used 89913K, committed 90624K, reserved 1130496K
  class space    used 12307K, committed 12672K, reserved 1048576K
}

