# JRE version: OpenJDK Runtime Environment (17.0.6) (build 17.0.6+0-b2043.56-10027231)
# Java VM: OpenJDK 64-Bit Server VM (17.0.6+0-b2043.56-10027231, mixed mode, tiered, compressed oops, compressed class ptrs, g1 gc, windows-amd64)
GC Precious Log:
 CPUs: 8 total, 8 available
 Memory: 8074M
 Large Page Support: Disabled
 NUMA Support: Disabled
 Compressed Oops: Enabled (32-bit)
 Heap Region Size: 1M
 Heap Min Capacity: 8M
 Heap Initial Capacity: 128M
 Heap Max Capacity: 2G
 Pre-touch: Disabled
 Parallel Workers: 8
 Concurrent Workers: 2
 Concurrent Refinement Workers: 8
 Periodic GC: Disabled
Heap:
 garbage-first heap   total 269312K, used 93722K [0x0000000080000000, 0x0000000100000000)
  region size 1024K, 27 young (27648K), 2 survivors (2048K)
 Metaspace       used 52160K, committed 52672K, reserved 1097728K
  class space    used 6906K, committed 7168K, reserved 1048576K
GC Heap History (20 events):
Event: 13.348 GC heap before
{Heap before GC invocations=45 (full 0):
 garbage-first heap   total 224256K, used 192888K [0x0000000080000000, 0x0000000100000000)
  region size 1024K, 126 young (129024K), 6 survivors (6144K)
 Metaspace       used 51854K, committed 52352K, reserved 1097728K
  class space    used 6887K, committed 7104K, reserved 1048576K
}
Event: 13.351 GC heap after
{Heap after GC invocations=46 (full 0):
 garbage-first heap   total 224256K, used 70045K [0x0000000080000000, 0x0000000100000000)
  region size 1024K, 6 young (6144K), 6 survivors (6144K)
 Metaspace       used 51854K, committed 52352K, reserved 1097728K
  class space    used 6887K, committed 7104K, reserved 1048576K
}
Event: 13.809 GC heap before
{Heap before GC invocations=46 (full 0):
 garbage-first heap   total 224256K, used 193949K [0x0000000080000000, 0x0000000100000000)
  region size 1024K, 126 young (129024K), 6 survivors (6144K)
 Metaspace       used 51854K, committed 52352K, reserved 1097728K
  class space    used 6887K, committed 7104K, reserved 1048576K
}
Event: 13.814 GC heap after
{Heap after GC invocations=47 (full 0):
 garbage-first heap   total 224256K, used 70994K [0x0000000080000000, 0x0000000100000000)
  region size 1024K, 7 young (7168K), 7 survivors (7168K)
 Metaspace       used 51854K, committed 52352K, reserved 1097728K
  class space    used 6887K, committed 7104K, reserved 1048576K
}
Event: 14.162 GC heap before
{Heap before GC invocations=47 (full 0):
 garbage-first heap   total 224256K, used 190802K [0x0000000080000000, 0x0000000100000000)
  region size 1024K, 125 young (128000K), 7 survivors (7168K)
 Metaspace       used 51855K, committed 52352K, reserved 1097728K
  class space    used 6888K, committed 7104K, reserved 1048576K
}
Event: 14.166 GC heap after
{Heap after GC invocations=48 (full 0):
 garbage-first heap   total 224256K, used 71937K [0x0000000080000000, 0x0000000100000000)
  region size 1024K, 7 young (7168K), 7 survivors (7168K)
 Metaspace       used 51855K, committed 52352K, reserved 1097728K
  class space    used 6888K, committed 7104K, reserved 1048576K
}
Event: 14.482 GC heap before
{Heap before GC invocations=48 (full 0):
 garbage-first heap   total 224256K, used 192769K [0x0000000080000000, 0x0000000100000000)
  region size 1024K, 125 young (128000K), 7 survivors (7168K)
 Metaspace       used 51856K, committed 52352K, reserved 1097728K
  class space    used 6888K, committed 7104K, reserved 1048576K
}
Event: 14.487 GC heap after
{Heap after GC invocations=49 (full 0):
 garbage-first heap   total 224256K, used 72789K [0x0000000080000000, 0x0000000100000000)
  region size 1024K, 8 young (8192K), 8 survivors (8192K)
 Metaspace       used 51856K, committed 52352K, reserved 1097728K
  class space    used 6888K, committed 7104K, reserved 1048576K
}
Event: 14.704 GC heap before
{Heap before GC invocations=49 (full 0):
 garbage-first heap   total 224256K, used 191573K [0x0000000080000000, 0x0000000100000000)
  region size 1024K, 124 young (126976K), 8 survivors (8192K)
 Metaspace       used 51856K, committed 52352K, reserved 1097728K
  class space    used 6888K, committed 7104K, reserved 1048576K
}
Event: 14.709 GC heap after
{Heap after GC invocations=50 (full 0):
 garbage-first heap   total 224256K, used 74329K [0x0000000080000000, 0x0000000100000000)
  region size 1024K, 10 young (10240K), 10 survivors (10240K)
 Metaspace       used 51856K, committed 52352K, reserved 1097728K
  class space    used 6888K, committed 7104K, reserved 1048576K
}
Event: 14.896 GC heap before
{Heap before GC invocations=50 (full 0):
 garbage-first heap   total 224256K, used 189017K [0x0000000080000000, 0x0000000100000000)
  region size 1024K, 122 young (124928K), 10 survivors (10240K)
 Metaspace       used 51856K, committed 52352K, reserved 1097728K
  class space    used 6888K, committed 7104K, reserved 1048576K
}
Event: 14.902 GC heap after
{Heap after GC invocations=51 (full 0):
 garbage-first heap   total 224256K, used 75836K [0x0000000080000000, 0x0000000100000000)
  region size 1024K, 9 young (9216K), 9 survivors (9216K)
 Metaspace       used 51856K, committed 52352K, reserved 1097728K
  class space    used 6888K, committed 7104K, reserved 1048576K
}
Event: 15.092 GC heap before
{Heap before GC invocations=51 (full 0):
 garbage-first heap   total 224256K, used 190524K [0x0000000080000000, 0x0000000100000000)
  region size 1024K, 121 young (123904K), 9 survivors (9216K)
 Metaspace       used 51856K, committed 52352K, reserved 1097728K
  class space    used 6888K, committed 7104K, reserved 1048576K
}
Event: 15.098 GC heap after
{Heap after GC invocations=52 (full 0):
 garbage-first heap   total 224256K, used 76654K [0x0000000080000000, 0x0000000100000000)
  region size 1024K, 10 young (10240K), 10 survivors (10240K)
 Metaspace       used 51856K, committed 52352K, reserved 1097728K
  class space    used 6888K, committed 7104K, reserved 1048576K
}
Event: 15.725 GC heap before
{Heap before GC invocations=52 (full 0):
 garbage-first heap   total 224256K, used 195438K [0x0000000080000000, 0x0000000100000000)
  region size 1024K, 120 young (122880K), 10 survivors (10240K)
 Metaspace       used 51861K, committed 52352K, reserved 1097728K
  class space    used 6888K, committed 7104K, reserved 1048576K
}
Event: 15.727 GC heap after
{Heap after GC invocations=53 (full 0):
 garbage-first heap   total 269312K, used 69669K [0x0000000080000000, 0x0000000100000000)
  region size 1024K, 2 young (2048K), 2 survivors (2048K)
 Metaspace       used 51861K, committed 52352K, reserved 1097728K
  class space    used 6888K, committed 7104K, reserved 1048576K
}
Event: 16.050 GC heap before
{Heap before GC invocations=53 (full 0):
 garbage-first heap   total 269312K, used 228389K [0x0000000080000000, 0x0000000100000000)
  region size 1024K, 157 young (160768K), 2 survivors (2048K)
 Metaspace       used 51861K, committed 52352K, reserved 1097728K
  class space    used 6888K, committed 7104K, reserved 1048576K
}
Event: 16.052 GC heap after
{Heap after GC invocations=54 (full 0):
 garbage-first heap   total 269312K, used 71222K [0x0000000080000000, 0x0000000100000000)
  region size 1024K, 4 young (4096K), 4 survivors (4096K)
 Metaspace       used 51861K, committed 52352K, reserved 1097728K
  class space    used 6888K, committed 7104K, reserved 1048576K
}
Event: 16.388 GC heap before
{Heap before GC invocations=54 (full 0):
 garbage-first heap   total 269312K, used 230966K [0x0000000080000000, 0x0000000100000000)
  region size 1024K, 157 young (160768K), 4 survivors (4096K)
 Metaspace       used 51870K, committed 52352K, reserved 1097728K
  class space    used 6888K, committed 7104K, reserved 1048576K
}
Event: 16.390 GC heap after
{Heap after GC invocations=55 (full 0):
 garbage-first heap   total 269312K, used 69146K [0x0000000080000000, 0x0000000100000000)
  region size 1024K, 2 young (2048K), 2 survivors (2048K)
 Metaspace       used 51870K, committed 52352K, reserved 1097728K
  class space    used 6888K, committed 7104K, reserved 1048576K
}

