# JRE version: OpenJDK Runtime Environment (17.0.6) (build 17.0.6+0-b2043.56-10027231)
# Java VM: OpenJDK 64-Bit Server VM (17.0.6+0-b2043.56-10027231, mixed mode, tiered, compressed oops, compressed class ptrs, g1 gc, windows-amd64)
GC Precious Log:
 CPUs: 8 total, 8 available
 Memory: 8074M
 Large Page Support: Disabled
 NUMA Support: Disabled
 Compressed Oops: Enabled (32-bit)
 Heap Region Size: 1M
 Heap Min Capacity: 8M
 Heap Initial Capacity: 128M
 Heap Max Capacity: 2G
 Pre-touch: Disabled
 Parallel Workers: 8
 Concurrent Workers: 2
 Concurrent Refinement Workers: 8
 Periodic GC: Disabled
Heap:
 garbage-first heap   total 346112K, used 188999K [0x0000000080000000, 0x0000000100000000)
  region size 1024K, 4 young (4096K), 2 survivors (2048K)
 Metaspace       used 115243K, committed 116288K, reserved 1155072K
  class space    used 15500K, committed 16000K, reserved 1048576K
GC Heap History (20 events):
Event: 10.179 GC heap before
{Heap before GC invocations=45 (full 0):
 garbage-first heap   total 173056K, used 137178K [0x0000000080000000, 0x0000000100000000)
  region size 1024K, 41 young (41984K), 3 survivors (3072K)
 Metaspace       used 76183K, committed 76864K, reserved 1122304K
  class space    used 10334K, committed 10624K, reserved 1048576K
}
Event: 10.184 GC heap after
{Heap after GC invocations=46 (full 0):
 garbage-first heap   total 173056K, used 100713K [0x0000000080000000, 0x0000000100000000)
  region size 1024K, 6 young (6144K), 6 survivors (6144K)
 Metaspace       used 76183K, committed 76864K, reserved 1122304K
  class space    used 10334K, committed 10624K, reserved 1048576K
}
Event: 10.204 GC heap before
{Heap before GC invocations=46 (full 0):
 garbage-first heap   total 173056K, used 102761K [0x0000000080000000, 0x0000000100000000)
  region size 1024K, 8 young (8192K), 6 survivors (6144K)
 Metaspace       used 76419K, committed 77056K, reserved 1122304K
  class space    used 10363K, committed 10624K, reserved 1048576K
}
Event: 10.208 GC heap after
{Heap after GC invocations=47 (full 0):
 garbage-first heap   total 173056K, used 100801K [0x0000000080000000, 0x0000000100000000)
  region size 1024K, 1 young (1024K), 1 survivors (1024K)
 Metaspace       used 76419K, committed 77056K, reserved 1122304K
  class space    used 10363K, committed 10624K, reserved 1048576K
}
Event: 10.773 GC heap before
{Heap before GC invocations=47 (full 0):
 garbage-first heap   total 173056K, used 139713K [0x0000000080000000, 0x0000000100000000)
  region size 1024K, 39 young (39936K), 1 survivors (1024K)
 Metaspace       used 80113K, committed 80768K, reserved 1122304K
  class space    used 10897K, committed 11136K, reserved 1048576K
}
Event: 10.777 GC heap after
{Heap after GC invocations=48 (full 0):
 garbage-first heap   total 346112K, used 102672K [0x0000000080000000, 0x0000000100000000)
  region size 1024K, 3 young (3072K), 3 survivors (3072K)
 Metaspace       used 80113K, committed 80768K, reserved 1122304K
  class space    used 10897K, committed 11136K, reserved 1048576K
}
Event: 13.049 GC heap before
{Heap before GC invocations=49 (full 0):
 garbage-first heap   total 346112K, used 277776K [0x0000000080000000, 0x0000000100000000)
  region size 1024K, 152 young (155648K), 3 survivors (3072K)
 Metaspace       used 97793K, committed 98432K, reserved 1138688K
  class space    used 13210K, committed 13504K, reserved 1048576K
}
Event: 13.059 GC heap after
{Heap after GC invocations=50 (full 0):
 garbage-first heap   total 346112K, used 138579K [0x0000000080000000, 0x0000000100000000)
  region size 1024K, 16 young (16384K), 16 survivors (16384K)
 Metaspace       used 97793K, committed 98432K, reserved 1138688K
  class space    used 13210K, committed 13504K, reserved 1048576K
}
Event: 14.102 GC heap before
{Heap before GC invocations=50 (full 0):
 garbage-first heap   total 346112K, used 272723K [0x0000000080000000, 0x0000000100000000)
  region size 1024K, 148 young (151552K), 16 survivors (16384K)
 Metaspace       used 99934K, committed 100672K, reserved 1138688K
  class space    used 13397K, committed 13696K, reserved 1048576K
}
Event: 14.116 GC heap after
{Heap after GC invocations=51 (full 0):
 garbage-first heap   total 346112K, used 146700K [0x0000000080000000, 0x0000000100000000)
  region size 1024K, 9 young (9216K), 9 survivors (9216K)
 Metaspace       used 99934K, committed 100672K, reserved 1138688K
  class space    used 13397K, committed 13696K, reserved 1048576K
}
Event: 61.946 GC heap before
{Heap before GC invocations=51 (full 0):
 garbage-first heap   total 346112K, used 277772K [0x0000000080000000, 0x0000000100000000)
  region size 1024K, 138 young (141312K), 9 survivors (9216K)
 Metaspace       used 109005K, committed 109824K, reserved 1146880K
  class space    used 14608K, committed 14976K, reserved 1048576K
}
Event: 61.963 GC heap after
{Heap after GC invocations=52 (full 0):
 garbage-first heap   total 346112K, used 156885K [0x0000000080000000, 0x0000000100000000)
  region size 1024K, 18 young (18432K), 18 survivors (18432K)
 Metaspace       used 109005K, committed 109824K, reserved 1146880K
  class space    used 14608K, committed 14976K, reserved 1048576K
}
Event: 63.232 GC heap before
{Heap before GC invocations=52 (full 0):
 garbage-first heap   total 346112K, used 281813K [0x0000000080000000, 0x0000000100000000)
  region size 1024K, 140 young (143360K), 18 survivors (18432K)
 Metaspace       used 111727K, committed 112704K, reserved 1146880K
  class space    used 14967K, committed 15424K, reserved 1048576K
}
Event: 63.255 GC heap after
{Heap after GC invocations=53 (full 0):
 garbage-first heap   total 346112K, used 175214K [0x0000000080000000, 0x0000000100000000)
  region size 1024K, 18 young (18432K), 18 survivors (18432K)
 Metaspace       used 111727K, committed 112704K, reserved 1146880K
  class space    used 14967K, committed 15424K, reserved 1048576K
}
Event: 64.000 GC heap before
{Heap before GC invocations=53 (full 0):
 garbage-first heap   total 346112K, used 278638K [0x0000000080000000, 0x0000000100000000)
  region size 1024K, 120 young (122880K), 18 survivors (18432K)
 Metaspace       used 112181K, committed 113216K, reserved 1146880K
  class space    used 15015K, committed 15488K, reserved 1048576K
}
Event: 64.020 GC heap after
{Heap after GC invocations=54 (full 0):
 garbage-first heap   total 346112K, used 182965K [0x0000000080000000, 0x0000000100000000)
  region size 1024K, 8 young (8192K), 8 survivors (8192K)
 Metaspace       used 112181K, committed 113216K, reserved 1146880K
  class space    used 15015K, committed 15488K, reserved 1048576K
}
Event: 65.246 GC heap before
{Heap before GC invocations=55 (full 0):
 garbage-first heap   total 346112K, used 282293K [0x0000000080000000, 0x0000000100000000)
  region size 1024K, 106 young (108544K), 8 survivors (8192K)
 Metaspace       used 114300K, committed 115392K, reserved 1155072K
  class space    used 15342K, committed 15872K, reserved 1048576K
}
Event: 65.259 GC heap after
{Heap after GC invocations=56 (full 0):
 garbage-first heap   total 346112K, used 190233K [0x0000000080000000, 0x0000000100000000)
  region size 1024K, 7 young (7168K), 7 survivors (7168K)
 Metaspace       used 114300K, committed 115392K, reserved 1155072K
  class space    used 15342K, committed 15872K, reserved 1048576K
}
Event: 73.379 GC heap before
{Heap before GC invocations=56 (full 0):
 garbage-first heap   total 346112K, used 198425K [0x0000000080000000, 0x0000000100000000)
  region size 1024K, 16 young (16384K), 7 survivors (7168K)
 Metaspace       used 115171K, committed 116224K, reserved 1155072K
  class space    used 15492K, committed 16000K, reserved 1048576K
}
Event: 73.389 GC heap after
{Heap after GC invocations=57 (full 0):
 garbage-first heap   total 346112K, used 187975K [0x0000000080000000, 0x0000000100000000)
  region size 1024K, 2 young (2048K), 2 survivors (2048K)
 Metaspace       used 115171K, committed 116224K, reserved 1155072K
  class space    used 15492K, committed 16000K, reserved 1048576K
}

