# JRE version: OpenJDK Runtime Environment (17.0.6) (build 17.0.6+0-b2043.56-10027231)
# Java VM: OpenJDK 64-Bit Server VM (17.0.6+0-b2043.56-10027231, mixed mode, tiered, compressed oops, compressed class ptrs, g1 gc, windows-amd64)
GC Precious Log:
 CPUs: 8 total, 8 available
 Memory: 8074M
 Large Page Support: Disabled
 NUMA Support: Disabled
 Compressed Oops: Enabled (32-bit)
 Heap Region Size: 1M
 Heap Min Capacity: 8M
 Heap Initial Capacity: 128M
 Heap Max Capacity: 2020M
 Pre-touch: Disabled
 Parallel Workers: 8
 Concurrent Workers: 2
 Concurrent Refinement Workers: 8
 Periodic GC: Disabled
Heap:
 garbage-first heap   total 83968K, used 37136K [0x0000000081c00000, 0x0000000100000000)
  region size 1024K, 10 young (10240K), 4 survivors (4096K)
 Metaspace       used 48513K, committed 48832K, reserved 1097728K
  class space    used 5929K, committed 6080K, reserved 1048576K
GC Heap History (20 events):
Event: 1.186 GC heap before
{Heap before GC invocations=1 (full 0):
 garbage-first heap   total 131072K, used 37995K [0x0000000081c00000, 0x0000000100000000)
  region size 1024K, 35 young (35840K), 3 survivors (3072K)
 Metaspace       used 21352K, committed 21504K, reserved 1073152K
  class space    used 2374K, committed 2432K, reserved 1048576K
}
Event: 1.194 GC heap after
{Heap after GC invocations=2 (full 0):
 garbage-first heap   total 131072K, used 9953K [0x0000000081c00000, 0x0000000100000000)
  region size 1024K, 4 young (4096K), 4 survivors (4096K)
 Metaspace       used 21352K, committed 21504K, reserved 1073152K
  class space    used 2374K, committed 2432K, reserved 1048576K
}
Event: 1.492 GC heap before
{Heap before GC invocations=3 (full 0):
 garbage-first heap   total 40960K, used 31457K [0x0000000081c00000, 0x0000000100000000)
  region size 1024K, 23 young (23552K), 4 survivors (4096K)
 Metaspace       used 26110K, committed 26368K, reserved 1073152K
  class space    used 2939K, committed 3072K, reserved 1048576K
}
Event: 1.509 GC heap after
{Heap after GC invocations=4 (full 0):
 garbage-first heap   total 44032K, used 19066K [0x0000000081c00000, 0x0000000100000000)
  region size 1024K, 10 young (10240K), 10 survivors (10240K)
 Metaspace       used 26110K, committed 26368K, reserved 1073152K
  class space    used 2939K, committed 3072K, reserved 1048576K
}
Event: 1.538 GC heap before
{Heap before GC invocations=4 (full 0):
 garbage-first heap   total 44032K, used 20090K [0x0000000081c00000, 0x0000000100000000)
  region size 1024K, 11 young (11264K), 10 survivors (10240K)
 Metaspace       used 26800K, committed 27008K, reserved 1073152K
  class space    used 2999K, committed 3072K, reserved 1048576K
}
Event: 1.546 GC heap after
{Heap after GC invocations=5 (full 0):
 garbage-first heap   total 44032K, used 19950K [0x0000000081c00000, 0x0000000100000000)
  region size 1024K, 1 young (1024K), 1 survivors (1024K)
 Metaspace       used 26800K, committed 27008K, reserved 1073152K
  class space    used 2999K, committed 3072K, reserved 1048576K
}
Event: 1.693 GC heap before
{Heap before GC invocations=5 (full 0):
 garbage-first heap   total 44032K, used 28142K [0x0000000081c00000, 0x0000000100000000)
  region size 1024K, 10 young (10240K), 1 survivors (1024K)
 Metaspace       used 29997K, committed 30208K, reserved 1081344K
  class space    used 3402K, committed 3520K, reserved 1048576K
}
Event: 1.695 GC heap after
{Heap after GC invocations=6 (full 0):
 garbage-first heap   total 44032K, used 19901K [0x0000000081c00000, 0x0000000100000000)
  region size 1024K, 1 young (1024K), 1 survivors (1024K)
 Metaspace       used 29997K, committed 30208K, reserved 1081344K
  class space    used 3402K, committed 3520K, reserved 1048576K
}
Event: 1.850 GC heap before
{Heap before GC invocations=6 (full 0):
 garbage-first heap   total 44032K, used 30141K [0x0000000081c00000, 0x0000000100000000)
  region size 1024K, 11 young (11264K), 1 survivors (1024K)
 Metaspace       used 32525K, committed 32768K, reserved 1081344K
  class space    used 3991K, committed 4096K, reserved 1048576K
}
Event: 1.853 GC heap after
{Heap after GC invocations=7 (full 0):
 garbage-first heap   total 44032K, used 21481K [0x0000000081c00000, 0x0000000100000000)
  region size 1024K, 2 young (2048K), 2 survivors (2048K)
 Metaspace       used 32525K, committed 32768K, reserved 1081344K
  class space    used 3991K, committed 4096K, reserved 1048576K
}
Event: 1.893 GC heap before
{Heap before GC invocations=7 (full 0):
 garbage-first heap   total 44032K, used 23529K [0x0000000081c00000, 0x0000000100000000)
  region size 1024K, 5 young (5120K), 2 survivors (2048K)
 Metaspace       used 32553K, committed 32768K, reserved 1081344K
  class space    used 3991K, committed 4096K, reserved 1048576K
}
Event: 1.898 GC heap after
{Heap after GC invocations=8 (full 0):
 garbage-first heap   total 83968K, used 22243K [0x0000000081c00000, 0x0000000100000000)
  region size 1024K, 1 young (1024K), 1 survivors (1024K)
 Metaspace       used 32553K, committed 32768K, reserved 1081344K
  class space    used 3991K, committed 4096K, reserved 1048576K
}
Event: 2.131 GC heap before
{Heap before GC invocations=8 (full 0):
 garbage-first heap   total 83968K, used 40675K [0x0000000081c00000, 0x0000000100000000)
  region size 1024K, 18 young (18432K), 1 survivors (1024K)
 Metaspace       used 35749K, committed 35968K, reserved 1081344K
  class space    used 4578K, committed 4672K, reserved 1048576K
}
Event: 2.139 GC heap after
{Heap after GC invocations=9 (full 0):
 garbage-first heap   total 83968K, used 27070K [0x0000000081c00000, 0x0000000100000000)
  region size 1024K, 4 young (4096K), 4 survivors (4096K)
 Metaspace       used 35749K, committed 35968K, reserved 1081344K
  class space    used 4578K, committed 4672K, reserved 1048576K
}
Event: 2.551 GC heap before
{Heap before GC invocations=10 (full 0):
 garbage-first heap   total 83968K, used 55742K [0x0000000081c00000, 0x0000000100000000)
  region size 1024K, 32 young (32768K), 4 survivors (4096K)
 Metaspace       used 40838K, committed 41088K, reserved 1089536K
  class space    used 5127K, committed 5248K, reserved 1048576K
}
Event: 2.561 GC heap after
{Heap after GC invocations=11 (full 0):
 garbage-first heap   total 83968K, used 28454K [0x0000000081c00000, 0x0000000100000000)
  region size 1024K, 4 young (4096K), 4 survivors (4096K)
 Metaspace       used 40838K, committed 41088K, reserved 1089536K
  class space    used 5127K, committed 5248K, reserved 1048576K
}
Event: 2.577 GC heap before
{Heap before GC invocations=11 (full 0):
 garbage-first heap   total 83968K, used 29478K [0x0000000081c00000, 0x0000000100000000)
  region size 1024K, 5 young (5120K), 4 survivors (4096K)
 Metaspace       used 41054K, committed 41280K, reserved 1089536K
  class space    used 5143K, committed 5248K, reserved 1048576K
}
Event: 2.582 GC heap after
{Heap after GC invocations=12 (full 0):
 garbage-first heap   total 83968K, used 27248K [0x0000000081c00000, 0x0000000100000000)
  region size 1024K, 1 young (1024K), 1 survivors (1024K)
 Metaspace       used 41054K, committed 41280K, reserved 1089536K
  class space    used 5143K, committed 5248K, reserved 1048576K
}
Event: 3.077 GC heap before
{Heap before GC invocations=12 (full 0):
 garbage-first heap   total 83968K, used 58992K [0x0000000081c00000, 0x0000000100000000)
  region size 1024K, 30 young (30720K), 1 survivors (1024K)
 Metaspace       used 47891K, committed 48192K, reserved 1097728K
  class space    used 5854K, committed 6016K, reserved 1048576K
}
Event: 3.083 GC heap after
{Heap after GC invocations=13 (full 0):
 garbage-first heap   total 83968K, used 32016K [0x0000000081c00000, 0x0000000100000000)
  region size 1024K, 4 young (4096K), 4 survivors (4096K)
 Metaspace       used 47891K, committed 48192K, reserved 1097728K
  class space    used 5854K, committed 6016K, reserved 1048576K
}

