# JRE version: OpenJDK Runtime Environment (17.0.6) (build 17.0.6+0-b2043.56-10027231)
# Java VM: OpenJDK 64-Bit Server VM (17.0.6+0-b2043.56-10027231, mixed mode, tiered, compressed oops, compressed class ptrs, g1 gc, windows-amd64)
GC Precious Log:
 CPUs: 8 total, 8 available
 Memory: 8074M
 Large Page Support: Disabled
 NUMA Support: Disabled
 Compressed Oops: Enabled (32-bit)
 Heap Region Size: 1M
 Heap Min Capacity: 8M
 Heap Initial Capacity: 128M
 Heap Max Capacity: 2G
 Pre-touch: Disabled
 Parallel Workers: 8
 Concurrent Workers: 2
 Concurrent Refinement Workers: 8
 Periodic GC: Disabled
Heap:
 garbage-first heap   total 119808K, used 82100K [0x0000000080000000, 0x0000000100000000)
  region size 1024K, 17 young (17408K), 2 survivors (2048K)
 Metaspace       used 51938K, committed 52288K, reserved 1097728K
  class space    used 6896K, committed 7040K, reserved 1048576K
GC Heap History (20 events):
Event: 5.369 GC heap before
{Heap before GC invocations=9 (full 0):
 garbage-first heap   total 86016K, used 64982K [0x0000000080000000, 0x0000000100000000)
  region size 1024K, 17 young (17408K), 2 survivors (2048K)
 Metaspace       used 32485K, committed 32832K, reserved 1081344K
  class space    used 4484K, committed 4672K, reserved 1048576K
}
Event: 5.370 GC heap after
{Heap after GC invocations=10 (full 0):
 garbage-first heap   total 86016K, used 50230K [0x0000000080000000, 0x0000000100000000)
  region size 1024K, 1 young (1024K), 1 survivors (1024K)
 Metaspace       used 32485K, committed 32832K, reserved 1081344K
  class space    used 4484K, committed 4672K, reserved 1048576K
}
Event: 5.642 GC heap before
{Heap before GC invocations=11 (full 0):
 garbage-first heap   total 89088K, used 66614K [0x0000000080000000, 0x0000000100000000)
  region size 1024K, 17 young (17408K), 1 survivors (1024K)
 Metaspace       used 34864K, committed 35200K, reserved 1081344K
  class space    used 4859K, committed 4992K, reserved 1048576K
}
Event: 5.644 GC heap after
{Heap after GC invocations=12 (full 0):
 garbage-first heap   total 89088K, used 50914K [0x0000000080000000, 0x0000000100000000)
  region size 1024K, 2 young (2048K), 2 survivors (2048K)
 Metaspace       used 34864K, committed 35200K, reserved 1081344K
  class space    used 4859K, committed 4992K, reserved 1048576K
}
Event: 6.107 GC heap before
{Heap before GC invocations=12 (full 0):
 garbage-first heap   total 89088K, used 68322K [0x0000000080000000, 0x0000000100000000)
  region size 1024K, 20 young (20480K), 2 survivors (2048K)
 Metaspace       used 40325K, committed 40768K, reserved 1089536K
  class space    used 5440K, committed 5632K, reserved 1048576K
}
Event: 6.110 GC heap after
{Heap after GC invocations=13 (full 0):
 garbage-first heap   total 89088K, used 53507K [0x0000000080000000, 0x0000000100000000)
  region size 1024K, 3 young (3072K), 3 survivors (3072K)
 Metaspace       used 40325K, committed 40768K, reserved 1089536K
  class space    used 5440K, committed 5632K, reserved 1048576K
}
Event: 6.268 GC heap before
{Heap before GC invocations=14 (full 0):
 garbage-first heap   total 94208K, used 69891K [0x0000000080000000, 0x0000000100000000)
  region size 1024K, 20 young (20480K), 3 survivors (3072K)
 Metaspace       used 41732K, committed 42112K, reserved 1089536K
  class space    used 5583K, committed 5760K, reserved 1048576K
}
Event: 6.273 GC heap after
{Heap after GC invocations=15 (full 0):
 garbage-first heap   total 94208K, used 55987K [0x0000000080000000, 0x0000000100000000)
  region size 1024K, 3 young (3072K), 3 survivors (3072K)
 Metaspace       used 41732K, committed 42112K, reserved 1089536K
  class space    used 5583K, committed 5760K, reserved 1048576K
}
Event: 6.384 GC heap before
{Heap before GC invocations=15 (full 0):
 garbage-first heap   total 94208K, used 66227K [0x0000000080000000, 0x0000000100000000)
  region size 1024K, 15 young (15360K), 3 survivors (3072K)
 Metaspace       used 42211K, committed 42560K, reserved 1089536K
  class space    used 5628K, committed 5824K, reserved 1048576K
}
Event: 6.387 GC heap after
{Heap after GC invocations=16 (full 0):
 garbage-first heap   total 94208K, used 56649K [0x0000000080000000, 0x0000000100000000)
  region size 1024K, 2 young (2048K), 2 survivors (2048K)
 Metaspace       used 42211K, committed 42560K, reserved 1089536K
  class space    used 5628K, committed 5824K, reserved 1048576K
}
Event: 6.824 GC heap before
{Heap before GC invocations=17 (full 0):
 garbage-first heap   total 104448K, used 77129K [0x0000000080000000, 0x0000000100000000)
  region size 1024K, 20 young (20480K), 2 survivors (2048K)
 Metaspace       used 45368K, committed 45760K, reserved 1089536K
  class space    used 6006K, committed 6144K, reserved 1048576K
}
Event: 6.827 GC heap after
{Heap after GC invocations=18 (full 0):
 garbage-first heap   total 104448K, used 57707K [0x0000000080000000, 0x0000000100000000)
  region size 1024K, 2 young (2048K), 2 survivors (2048K)
 Metaspace       used 45368K, committed 45760K, reserved 1089536K
  class space    used 6006K, committed 6144K, reserved 1048576K
}
Event: 7.147 GC heap before
{Heap before GC invocations=18 (full 0):
 garbage-first heap   total 104448K, used 67947K [0x0000000080000000, 0x0000000100000000)
  region size 1024K, 14 young (14336K), 2 survivors (2048K)
 Metaspace       used 46674K, committed 47104K, reserved 1097728K
  class space    used 6198K, committed 6400K, reserved 1048576K
}
Event: 7.150 GC heap after
{Heap after GC invocations=19 (full 0):
 garbage-first heap   total 104448K, used 58984K [0x0000000080000000, 0x0000000100000000)
  region size 1024K, 3 young (3072K), 3 survivors (3072K)
 Metaspace       used 46674K, committed 47104K, reserved 1097728K
  class space    used 6198K, committed 6400K, reserved 1048576K
}
Event: 7.200 GC heap before
{Heap before GC invocations=20 (full 0):
 garbage-first heap   total 107520K, used 62056K [0x0000000080000000, 0x0000000100000000)
  region size 1024K, 4 young (4096K), 3 survivors (3072K)
 Metaspace       used 46675K, committed 47104K, reserved 1097728K
  class space    used 6198K, committed 6400K, reserved 1048576K
}
Event: 7.204 GC heap after
{Heap after GC invocations=21 (full 0):
 garbage-first heap   total 107520K, used 62782K [0x0000000080000000, 0x0000000100000000)
  region size 1024K, 3 young (3072K), 3 survivors (3072K)
 Metaspace       used 46675K, committed 47104K, reserved 1097728K
  class space    used 6198K, committed 6400K, reserved 1048576K
}
Event: 7.426 GC heap before
{Heap before GC invocations=22 (full 0):
 garbage-first heap   total 114688K, used 75070K [0x0000000080000000, 0x0000000100000000)
  region size 1024K, 14 young (14336K), 3 survivors (3072K)
 Metaspace       used 47395K, committed 47808K, reserved 1097728K
  class space    used 6279K, committed 6464K, reserved 1048576K
}
Event: 7.428 GC heap after
{Heap after GC invocations=23 (full 0):
 garbage-first heap   total 114688K, used 67856K [0x0000000080000000, 0x0000000100000000)
  region size 1024K, 3 young (3072K), 3 survivors (3072K)
 Metaspace       used 47395K, committed 47808K, reserved 1097728K
  class space    used 6279K, committed 6464K, reserved 1048576K
}
Event: 7.779 GC heap before
{Heap before GC invocations=24 (full 0):
 garbage-first heap   total 119808K, used 85264K [0x0000000080000000, 0x0000000100000000)
  region size 1024K, 20 young (20480K), 3 survivors (3072K)
 Metaspace       used 50281K, committed 50752K, reserved 1097728K
  class space    used 6643K, committed 6848K, reserved 1048576K
}
Event: 7.783 GC heap after
{Heap after GC invocations=25 (full 0):
 garbage-first heap   total 119808K, used 68788K [0x0000000080000000, 0x0000000100000000)
  region size 1024K, 2 young (2048K), 2 survivors (2048K)
 Metaspace       used 50281K, committed 50752K, reserved 1097728K
  class space    used 6643K, committed 6848K, reserved 1048576K
}

