# JRE version: OpenJDK Runtime Environment (17.0.6) (build 17.0.6+0-b2043.56-10027231)
# Java VM: OpenJDK 64-Bit Server VM (17.0.6+0-b2043.56-10027231, mixed mode, tiered, compressed oops, compressed class ptrs, g1 gc, windows-amd64)
GC Precious Log:
 CPUs: 8 total, 8 available
 Memory: 8074M
 Large Page Support: Disabled
 NUMA Support: Disabled
 Compressed Oops: Enabled (32-bit)
 Heap Region Size: 1M
 Heap Min Capacity: 8M
 Heap Initial Capacity: 128M
 Heap Max Capacity: 2G
 Pre-touch: Disabled
 Parallel Workers: 8
 Concurrent Workers: 2
 Concurrent Refinement Workers: 8
 Periodic GC: Disabled
Heap:
 garbage-first heap   total 425984K, used 360948K [0x0000000080000000, 0x0000000100000000)
  region size 1024K, 89 young (91136K), 12 survivors (12288K)
 Metaspace       used 175576K, committed 176768K, reserved 1204224K
  class space    used 24011K, committed 24576K, reserved 1048576K
GC Heap History (20 events):
Event: 42.673 GC heap before
{Heap before GC invocations=63 (full 0):
 garbage-first heap   total 425984K, used 368359K [0x0000000080000000, 0x0000000100000000)
  region size 1024K, 142 young (145408K), 6 survivors (6144K)
 Metaspace       used 140980K, committed 142016K, reserved 1171456K
  class space    used 18823K, committed 19328K, reserved 1048576K
}
Event: 42.681 GC heap after
{Heap after GC invocations=64 (full 0):
 garbage-first heap   total 425984K, used 233187K [0x0000000080000000, 0x0000000100000000)
  region size 1024K, 9 young (9216K), 9 survivors (9216K)
 Metaspace       used 140980K, committed 142016K, reserved 1171456K
  class space    used 18823K, committed 19328K, reserved 1048576K
}
Event: 43.595 GC heap before
{Heap before GC invocations=64 (full 0):
 garbage-first heap   total 425984K, used 367331K [0x0000000080000000, 0x0000000100000000)
  region size 1024K, 141 young (144384K), 9 survivors (9216K)
 Metaspace       used 141538K, committed 142528K, reserved 1179648K
  class space    used 18869K, committed 19328K, reserved 1048576K
}
Event: 43.604 GC heap after
{Heap after GC invocations=65 (full 0):
 garbage-first heap   total 425984K, used 235389K [0x0000000080000000, 0x0000000100000000)
  region size 1024K, 11 young (11264K), 11 survivors (11264K)
 Metaspace       used 141538K, committed 142528K, reserved 1179648K
  class space    used 18869K, committed 19328K, reserved 1048576K
}
Event: 44.787 GC heap before
{Heap before GC invocations=65 (full 0):
 garbage-first heap   total 425984K, used 371581K [0x0000000080000000, 0x0000000100000000)
  region size 1024K, 142 young (145408K), 11 survivors (11264K)
 Metaspace       used 142382K, committed 143424K, reserved 1179648K
  class space    used 18960K, committed 19456K, reserved 1048576K
}
Event: 44.802 GC heap after
{Heap after GC invocations=66 (full 0):
 garbage-first heap   total 425984K, used 251387K [0x0000000080000000, 0x0000000100000000)
  region size 1024K, 18 young (18432K), 18 survivors (18432K)
 Metaspace       used 142382K, committed 143424K, reserved 1179648K
  class space    used 18960K, committed 19456K, reserved 1048576K
}
Event: 46.148 GC heap before
{Heap before GC invocations=66 (full 0):
 garbage-first heap   total 425984K, used 363003K [0x0000000080000000, 0x0000000100000000)
  region size 1024K, 125 young (128000K), 18 survivors (18432K)
 Metaspace       used 153194K, committed 154176K, reserved 1187840K
  class space    used 20316K, committed 20800K, reserved 1048576K
}
Event: 46.167 GC heap after
{Heap after GC invocations=67 (full 0):
 garbage-first heap   total 425984K, used 260336K [0x0000000080000000, 0x0000000100000000)
  region size 1024K, 9 young (9216K), 9 survivors (9216K)
 Metaspace       used 153194K, committed 154176K, reserved 1187840K
  class space    used 20316K, committed 20800K, reserved 1048576K
}
Event: 47.447 GC heap before
{Heap before GC invocations=67 (full 0):
 garbage-first heap   total 425984K, used 360688K [0x0000000080000000, 0x0000000100000000)
  region size 1024K, 108 young (110592K), 9 survivors (9216K)
 Metaspace       used 156553K, committed 157568K, reserved 1187840K
  class space    used 20841K, committed 21312K, reserved 1048576K
}
Event: 47.455 GC heap after
{Heap after GC invocations=68 (full 0):
 garbage-first heap   total 425984K, used 265216K [0x0000000080000000, 0x0000000100000000)
  region size 1024K, 6 young (6144K), 6 survivors (6144K)
 Metaspace       used 156553K, committed 157568K, reserved 1187840K
  class space    used 20841K, committed 21312K, reserved 1048576K
}
Event: 48.216 GC heap before
{Heap before GC invocations=68 (full 0):
 garbage-first heap   total 425984K, used 362496K [0x0000000080000000, 0x0000000100000000)
  region size 1024K, 102 young (104448K), 6 survivors (6144K)
 Metaspace       used 156724K, committed 157760K, reserved 1187840K
  class space    used 20869K, committed 21376K, reserved 1048576K
}
Event: 48.227 GC heap after
{Heap after GC invocations=69 (full 0):
 garbage-first heap   total 425984K, used 268212K [0x0000000080000000, 0x0000000100000000)
  region size 1024K, 9 young (9216K), 9 survivors (9216K)
 Metaspace       used 156724K, committed 157760K, reserved 1187840K
  class space    used 20869K, committed 21376K, reserved 1048576K
}
Event: 48.763 GC heap before
{Heap before GC invocations=69 (full 0):
 garbage-first heap   total 425984K, used 363444K [0x0000000080000000, 0x0000000100000000)
  region size 1024K, 103 young (105472K), 9 survivors (9216K)
 Metaspace       used 157764K, committed 158784K, reserved 1187840K
  class space    used 21014K, committed 21504K, reserved 1048576K
}
Event: 48.770 GC heap after
{Heap after GC invocations=70 (full 0):
 garbage-first heap   total 425984K, used 267410K [0x0000000080000000, 0x0000000100000000)
  region size 1024K, 5 young (5120K), 5 survivors (5120K)
 Metaspace       used 157764K, committed 158784K, reserved 1187840K
  class space    used 21014K, committed 21504K, reserved 1048576K
}
Event: 49.372 GC heap before
{Heap before GC invocations=70 (full 0):
 garbage-first heap   total 425984K, used 366738K [0x0000000080000000, 0x0000000100000000)
  region size 1024K, 101 young (103424K), 5 survivors (5120K)
 Metaspace       used 158798K, committed 159936K, reserved 1187840K
  class space    used 21133K, committed 21696K, reserved 1048576K
}
Event: 49.382 GC heap after
{Heap after GC invocations=71 (full 0):
 garbage-first heap   total 425984K, used 278810K [0x0000000080000000, 0x0000000100000000)
  region size 1024K, 13 young (13312K), 13 survivors (13312K)
 Metaspace       used 158798K, committed 159936K, reserved 1187840K
  class space    used 21133K, committed 21696K, reserved 1048576K
}
Event: 50.222 GC heap before
{Heap before GC invocations=71 (full 0):
 garbage-first heap   total 425984K, used 367898K [0x0000000080000000, 0x0000000100000000)
  region size 1024K, 97 young (99328K), 13 survivors (13312K)
 Metaspace       used 161041K, committed 162176K, reserved 1196032K
  class space    used 21450K, committed 22016K, reserved 1048576K
}
Event: 50.229 GC heap after
{Heap after GC invocations=72 (full 0):
 garbage-first heap   total 425984K, used 276530K [0x0000000080000000, 0x0000000100000000)
  region size 1024K, 4 young (4096K), 4 survivors (4096K)
 Metaspace       used 161041K, committed 162176K, reserved 1196032K
  class space    used 21450K, committed 22016K, reserved 1048576K
}
Event: 51.153 GC heap before
{Heap before GC invocations=72 (full 0):
 garbage-first heap   total 425984K, used 364594K [0x0000000080000000, 0x0000000100000000)
  region size 1024K, 91 young (93184K), 4 survivors (4096K)
 Metaspace       used 170245K, committed 171328K, reserved 1204224K
  class space    used 23080K, committed 23616K, reserved 1048576K
}
Event: 51.163 GC heap after
{Heap after GC invocations=73 (full 0):
 garbage-first heap   total 425984K, used 284148K [0x0000000080000000, 0x0000000100000000)
  region size 1024K, 12 young (12288K), 12 survivors (12288K)
 Metaspace       used 170245K, committed 171328K, reserved 1204224K
  class space    used 23080K, committed 23616K, reserved 1048576K
}

